<?xml version="1.0" encoding="UTF-8"?>
<!-- Generated by org.testng.reporters.JUnitReportReporter -->
<testsuite hostname="SRIDHARAN" failures="0" tests="3" name="flipkart.FlipkartToExcelfile" time="173.803" errors="0" timestamp="2025-09-25T11:29:20 IST" skipped="0">
  <testcase classname="flipkart.FlipkartToExcelfile" name="getProductInfo" time="56.941"/>
  <testcase classname="flipkart.FlipkartToExcelfile" name="getProductInfo" time="58.943"/>
  <testcase classname="flipkart.FlipkartToExcelfile" name="getProductInfo" time="57.919"/>
</testsuite> <!-- flipkart.FlipkartToExcelfile -->
